<?xml version="1.0" encoding="UTF-8"?>
<!-- Generated by org.testng.reporters.JUnitXMLReporter -->
<testsuite hostname="rafi-PC" name="Test" tests="2" failures="1" timestamp="20 Apr 2016 09:22:05 GMT" time="41.575" errors="0">
  <testcase name="testLoginAdmin" time="7.755" classname="com.ablelogix.ddf.testcases.login.TestLoginAdmin"/>
  <testcase name="testLoginAdmin" time="3.611" classname="com.ablelogix.ddf.testcases.login.TestLoginAdmin">
    <failure type="java.lang.AssertionError" message="expected [true] but found [false]">
      <![CDATA[java.lang.AssertionError: expected [true] but found [false]
	at com.ablelogix.ddf.testcases.login.TestLoginAdmin.testLoginAdmin(TestLoginAdmin.java:34)
... Removed 28 stack frames]]>
    </failure>
  </testcase> <!-- testLoginAdmin -->
</testsuite> <!-- Test -->
