<?xml version="1.0" encoding="UTF-8"?>
<!-- Generated by org.testng.reporters.JUnitXMLReporter -->
<testsuite hostname="rafi-PC" name="LoginSuiteESSUser" tests="2" failures="2" timestamp="22 May 2016 21:04:08 GMT" time="67.213" errors="0">
  <testcase name="testLoginAdmin" time="4.568" classname="com.ablelogix.ddf.testcases.login.LoginSuiteESSUser">
    <failure type="java.lang.NullPointerException">
      <![CDATA[java.lang.NullPointerException
	at com.ablelogix.ddf.testcases.login.LoginSuiteESSUser.testLoginAdmin(LoginSuiteESSUser.java:106)
... Removed 24 stack frames]]>
    </failure>
  </testcase> <!-- testLoginAdmin -->
  <testcase name="testLoginAdmin" time="4.154" classname="com.ablelogix.ddf.testcases.login.LoginSuiteESSUser">
    <failure type="java.lang.NullPointerException">
      <![CDATA[java.lang.NullPointerException
	at com.ablelogix.ddf.testcases.login.LoginSuiteESSUser.testLoginAdmin(LoginSuiteESSUser.java:106)
... Removed 24 stack frames]]>
    </failure>
  </testcase> <!-- testLoginAdmin -->
</testsuite> <!-- LoginSuiteESSUser -->
