<?xml version="1.0" encoding="UTF-8"?>
<!-- Generated by org.testng.reporters.JUnitXMLReporter -->
<testsuite hostname="rafi-PC" name="LoginSuiteAdmin" tests="4" failures="4" timestamp="22 May 2016 21:03:01 GMT" time="177.139" errors="0">
  <testcase name="testLoginAdmin" time="5.726" classname="com.ablelogix.ddf.testcases.login.LoginSuiteAdmin">
    <failure type="java.lang.NullPointerException">
      <![CDATA[java.lang.NullPointerException
	at com.ablelogix.ddf.testcases.login.LoginSuiteAdmin.testLoginAdmin(LoginSuiteAdmin.java:106)
... Removed 24 stack frames]]>
    </failure>
  </testcase> <!-- testLoginAdmin -->
  <testcase name="testLoginAdmin" time="4.19" classname="com.ablelogix.ddf.testcases.login.LoginSuiteAdmin">
    <failure type="java.lang.NullPointerException">
      <![CDATA[java.lang.NullPointerException
	at com.ablelogix.ddf.testcases.login.LoginSuiteAdmin.testLoginAdmin(LoginSuiteAdmin.java:106)
... Removed 24 stack frames]]>
    </failure>
  </testcase> <!-- testLoginAdmin -->
  <testcase name="testLoginAdmin" time="4.79" classname="com.ablelogix.ddf.testcases.login.LoginSuiteAdmin">
    <failure type="java.lang.NullPointerException">
      <![CDATA[java.lang.NullPointerException
	at com.ablelogix.ddf.testcases.login.LoginSuiteAdmin.testLoginAdmin(LoginSuiteAdmin.java:106)
... Removed 24 stack frames]]>
    </failure>
  </testcase> <!-- testLoginAdmin -->
  <testcase name="testLoginAdmin" time="4.665" classname="com.ablelogix.ddf.testcases.login.LoginSuiteAdmin">
    <failure type="java.lang.NullPointerException">
      <![CDATA[java.lang.NullPointerException
	at com.ablelogix.ddf.testcases.login.LoginSuiteAdmin.testLoginAdmin(LoginSuiteAdmin.java:106)
... Removed 24 stack frames]]>
    </failure>
  </testcase> <!-- testLoginAdmin -->
</testsuite> <!-- LoginSuiteAdmin -->
